This file contains any messages produced by compilers while
running configure, to aid debugging if configure makes a mistake.

It was created by cpabe configure 0.11, which was
generated by GNU Autoconf 2.72.  Invocation command line was

  $ ./configure

## --------- ##
## Platform. ##
## --------- ##

hostname = kali
uname -m = x86_64
uname -r = 6.11.2-amd64
uname -s = Linux
uname -v = #1 SMP PREEMPT_DYNAMIC Kali 6.11.2-1kali1 (2024-10-15)

/usr/bin/uname -p = unknown
/bin/uname -X     = unknown

/bin/arch              = x86_64
/usr/bin/arch -k       = unknown
/usr/convex/getsysinfo = unknown
/usr/bin/hostinfo      = unknown
/bin/machine           = unknown
/usr/bin/oslevel       = unknown
/bin/universe          = unknown

PATH: /home/thanh/.local/bin/
PATH: /usr/local/sbin/
PATH: /usr/sbin/
PATH: /sbin/
PATH: /usr/local/bin/
PATH: /usr/bin/
PATH: /bin/
PATH: /usr/local/games/
PATH: /usr/games/
PATH: /home/thanh/.dotnet/tools/


## ----------- ##
## Core tests. ##
## ----------- ##

configure:2555: looking for aux files: config.guess config.sub compile missing install-sh
configure:2568:  trying ./
configure:2597:   ./config.guess found
configure:2597:   ./config.sub found
configure:2597:   ./compile found
configure:2597:   ./missing found
configure:2579:   ./install-sh found
configure:2727: checking for a BSD-compatible install
configure:2801: result: /usr/bin/install -c
configure:2812: checking whether sleep supports fractional seconds
configure:2828: result: yes
configure:2831: checking filesystem timestamp resolution
configure:2966: result: 0.01
configure:2971: checking whether build environment is sane
configure:3012: result: yes
configure:3183: checking for a race-free mkdir -p
configure:3226: result: /usr/bin/mkdir -p
configure:3233: checking for gawk
configure:3254: found /usr/bin/gawk
configure:3266: result: gawk
configure:3277: checking whether make sets $(MAKE)
configure:3301: result: yes
configure:3327: checking whether make supports nested variables
configure:3346: result: yes
configure:3360: checking xargs -n works
configure:3376: result: yes
configure:3477: checking whether to enable debugging
configure:3497: result: no
configure:3504: checking for bison
configure:3525: found /usr/bin/bison
configure:3537: result: bison -y
configure:3612: checking for gcc
configure:3633: found /usr/bin/gcc
configure:3645: result: gcc
configure:4004: checking for C compiler version
configure:4013: gcc --version >&5
gcc (Debian 14.2.0-12) 14.2.0
Copyright (C) 2024 Free Software Foundation, Inc.
This is free software; see the source for copying conditions.  There is NO
warranty; not even for MERCHANTABILITY or FITNESS FOR A PARTICULAR PURPOSE.

configure:4024: $? = 0
configure:4013: gcc -v >&5
Using built-in specs.
COLLECT_GCC=gcc
COLLECT_LTO_WRAPPER=/usr/libexec/gcc/x86_64-linux-gnu/14/lto-wrapper
OFFLOAD_TARGET_NAMES=nvptx-none:amdgcn-amdhsa
OFFLOAD_TARGET_DEFAULT=1
Target: x86_64-linux-gnu
Configured with: ../src/configure -v --with-pkgversion='Debian 14.2.0-12' --with-bugurl=file:///usr/share/doc/gcc-14/README.Bugs --enable-languages=c,ada,c++,go,d,fortran,objc,obj-c++,m2,rust --prefix=/usr --with-gcc-major-version-only --program-suffix=-14 --program-prefix=x86_64-linux-gnu- --enable-shared --enable-linker-build-id --libexecdir=/usr/libexec --without-included-gettext --enable-threads=posix --libdir=/usr/lib --enable-nls --enable-bootstrap --enable-clocale=gnu --enable-libstdcxx-debug --enable-libstdcxx-time=yes --with-default-libstdcxx-abi=new --enable-libstdcxx-backtrace --enable-gnu-unique-object --disable-vtable-verify --enable-plugin --enable-default-pie --with-system-zlib --enable-libphobos-checking=release --with-target-system-zlib=auto --enable-objc-gc=auto --enable-multiarch --disable-werror --enable-cet --with-arch-32=i686 --with-abi=m64 --with-multilib-list=m32,m64,mx32 --enable-multilib --with-tune=generic --enable-offload-targets=nvptx-none=/build/reproducible-path/gcc-14-14.2.0/debian/tmp-nvptx/usr,amdgcn-amdhsa=/build/reproducible-path/gcc-14-14.2.0/debian/tmp-gcn/usr --enable-offload-defaulted --without-cuda-driver --enable-checking=release --build=x86_64-linux-gnu --host=x86_64-linux-gnu --target=x86_64-linux-gnu --with-build-config=bootstrap-lto-lean --enable-link-serialization=3
Thread model: posix
Supported LTO compression algorithms: zlib zstd
gcc version 14.2.0 (Debian 14.2.0-12) 
... rest of stderr output deleted ...
configure:4024: $? = 0
configure:4013: gcc -V >&5
gcc: error: unrecognized command-line option '-V'
gcc: fatal error: no input files
compilation terminated.
configure:4024: $? = 1
configure:4013: gcc -qversion >&5
gcc: error: unrecognized command-line option '-qversion'; did you mean '--version'?
gcc: fatal error: no input files
compilation terminated.
configure:4024: $? = 1
configure:4013: gcc -version >&5
gcc: error: unrecognized command-line option '-version'
gcc: fatal error: no input files
compilation terminated.
configure:4024: $? = 1
configure:4044: checking whether the C compiler works
configure:4066: gcc -O3 -Wall  -O3 -Wall conftest.c  >&5
configure:4070: $? = 0
configure:4121: result: yes
configure:4125: checking for C compiler default output file name
configure:4127: result: a.out
configure:4133: checking for suffix of executables
configure:4140: gcc -o conftest -O3 -Wall  -O3 -Wall conftest.c  >&5
configure:4144: $? = 0
configure:4168: result: 
configure:4192: checking whether we are cross compiling
configure:4200: gcc -o conftest -O3 -Wall  -O3 -Wall conftest.c  >&5
configure:4204: $? = 0
configure:4211: ./conftest
configure:4215: $? = 0
configure:4230: result: no
configure:4236: checking for suffix of object files
configure:4259: gcc -c -O3 -Wall  conftest.c >&5
configure:4263: $? = 0
configure:4287: result: o
configure:4291: checking whether the compiler supports GNU C
configure:4311: gcc -c -O3 -Wall  conftest.c >&5
configure:4311: $? = 0
configure:4323: result: yes
configure:4334: checking whether gcc accepts -g
configure:4355: gcc -c -g  conftest.c >&5
configure:4355: $? = 0
configure:4402: result: yes
configure:4422: checking for gcc option to enable C11 features
configure:4437: gcc  -c -O3 -Wall  conftest.c >&5
configure:4437: $? = 0
configure:4456: result: none needed
configure:4580: checking whether gcc understands -c and -o together
configure:4603: gcc -c conftest.c -o conftest2.o
configure:4606: $? = 0
configure:4603: gcc -c conftest.c -o conftest2.o
configure:4606: $? = 0
configure:4619: result: yes
configure:4639: checking whether make supports the include directive
configure:4654: make -f confmf.GNU && cat confinc.out
this is the am__doit target
configure:4657: $? = 0
configure:4676: result: yes (GNU style)
configure:4702: checking dependency style of gcc
configure:4815: result: gcc3
configure:4837: checking for an ANSI C-conforming const
configure:4904: gcc -c -O3 -Wall  conftest.c >&5
configure:4904: $? = 0
configure:4914: result: yes
configure:4926: checking for stdio.h
configure:4926: gcc -c -O3 -Wall  conftest.c >&5
configure:4926: $? = 0
configure:4926: result: yes
configure:4926: checking for stdlib.h
configure:4926: gcc -c -O3 -Wall  conftest.c >&5
configure:4926: $? = 0
configure:4926: result: yes
configure:4926: checking for string.h
configure:4926: gcc -c -O3 -Wall  conftest.c >&5
configure:4926: $? = 0
configure:4926: result: yes
configure:4926: checking for inttypes.h
configure:4926: gcc -c -O3 -Wall  conftest.c >&5
configure:4926: $? = 0
configure:4926: result: yes
configure:4926: checking for stdint.h
configure:4926: gcc -c -O3 -Wall  conftest.c >&5
configure:4926: $? = 0
configure:4926: result: yes
configure:4926: checking for strings.h
configure:4926: gcc -c -O3 -Wall  conftest.c >&5
configure:4926: $? = 0
configure:4926: result: yes
configure:4926: checking for sys/stat.h
configure:4926: gcc -c -O3 -Wall  conftest.c >&5
configure:4926: $? = 0
configure:4926: result: yes
configure:4926: checking for sys/types.h
configure:4926: gcc -c -O3 -Wall  conftest.c >&5
configure:4926: $? = 0
configure:4926: result: yes
configure:4926: checking for unistd.h
configure:4926: gcc -c -O3 -Wall  conftest.c >&5
configure:4926: $? = 0
configure:4926: result: yes
configure:4951: checking for size_t
configure:4951: gcc -c -O3 -Wall  conftest.c >&5
configure:4951: $? = 0
configure:4951: gcc -c -O3 -Wall  conftest.c >&5
conftest.c: In function 'main':
conftest.c:52:21: error: expected expression before ')' token
   52 | if (sizeof ((size_t)))
      |                     ^
configure:4951: $? = 1
configure: failed program was:
| /* confdefs.h */
| #define PACKAGE_NAME "cpabe"
| #define PACKAGE_TARNAME "cpabe"
| #define PACKAGE_VERSION "0.11"
| #define PACKAGE_STRING "cpabe 0.11"
| #define PACKAGE_BUGREPORT "bethenco@cs.berkeley.edu"
| #define PACKAGE_URL ""
| #define PACKAGE "cpabe"
| #define VERSION "0.11"
| #define HAVE_STDIO_H 1
| #define HAVE_STDLIB_H 1
| #define HAVE_STRING_H 1
| #define HAVE_INTTYPES_H 1
| #define HAVE_STDINT_H 1
| #define HAVE_STRINGS_H 1
| #define HAVE_SYS_STAT_H 1
| #define HAVE_SYS_TYPES_H 1
| #define HAVE_UNISTD_H 1
| #define STDC_HEADERS 1
| /* end confdefs.h.  */
| #include <stddef.h>
| #ifdef HAVE_STDIO_H
| # include <stdio.h>
| #endif
| #ifdef HAVE_STDLIB_H
| # include <stdlib.h>
| #endif
| #ifdef HAVE_STRING_H
| # include <string.h>
| #endif
| #ifdef HAVE_INTTYPES_H
| # include <inttypes.h>
| #endif
| #ifdef HAVE_STDINT_H
| # include <stdint.h>
| #endif
| #ifdef HAVE_STRINGS_H
| # include <strings.h>
| #endif
| #ifdef HAVE_SYS_TYPES_H
| # include <sys/types.h>
| #endif
| #ifdef HAVE_SYS_STAT_H
| # include <sys/stat.h>
| #endif
| #ifdef HAVE_UNISTD_H
| # include <unistd.h>
| #endif
| int
| main (void)
| {
| if (sizeof ((size_t)))
| 	    return 0;
|   ;
|   return 0;
| }
configure:4951: result: yes
configure:4962: checking for uint32_t
configure:4962: gcc -c -O3 -Wall  conftest.c >&5
configure:4962: $? = 0
configure:4962: result: yes
configure:4974: checking for uint64_t
configure:4974: gcc -c -O3 -Wall  conftest.c >&5
configure:4974: $? = 0
configure:4974: result: yes
configure:4987: checking for grep that handles long lines and -e
configure:5053: result: /usr/bin/grep
configure:5061: checking for egrep
configure:5131: result: /usr/bin/grep -E
configure:5142: checking for fcntl.h
configure:5142: gcc -c -O3 -Wall  conftest.c >&5
configure:5142: $? = 0
configure:5142: result: yes
configure:5142: checking for stddef.h
configure:5142: gcc -c -O3 -Wall  conftest.c >&5
configure:5142: $? = 0
configure:5142: result: yes
configure:5142: checking for string.h
configure:5142: result: yes
configure:5162: checking build system type
configure:5178: result: x86_64-pc-linux-gnu
configure:5198: checking host system type
configure:5213: result: x86_64-pc-linux-gnu
configure:5233: checking for GNU libc compatible malloc
configure:5265: gcc -o conftest -O3 -Wall  -O3 -Wall conftest.c  >&5
configure:5265: $? = 0
configure:5265: ./conftest
configure:5265: $? = 0
configure:5279: result: yes
configure:5302: checking whether lstat correctly handles trailing slash
configure:5335: gcc -o conftest -O3 -Wall  -O3 -Wall conftest.c  >&5
configure:5335: $? = 0
configure:5335: ./conftest
configure:5335: $? = 0
configure:5356: result: yes
configure:5373: checking whether stat accepts an empty string
configure:5395: gcc -o conftest -O3 -Wall  -O3 -Wall conftest.c  >&5
configure:5395: $? = 0
configure:5395: ./conftest
configure:5395: $? = 0
configure:5409: result: no
configure:5427: checking for vprintf
configure:5427: gcc -o conftest -O3 -Wall  -O3 -Wall conftest.c  >&5
conftest.c:42:6: warning: conflicting types for built-in function 'vprintf'; expected 'int(const char *, __va_list_tag *)' [-Wbuiltin-declaration-mismatch]
   42 | char vprintf (void);
      |      ^~~~~~~
conftest.c:34:1: note: 'vprintf' is declared in header '<stdio.h>'
   33 | #include <limits.h>
   34 | #undef vprintf
configure:5427: $? = 0
configure:5427: result: yes
configure:5448: checking for SHA1 in -lcrypto
configure:5477: gcc -o conftest -O3 -Wall  -O3 -Wall conftest.c -lcrypto   >&5
configure:5477: $? = 0
configure:5489: result: yes
configure:5502: checking for EVP_aes_128_cbc in -lcrypto
configure:5531: gcc -o conftest -O3 -Wall  -O3 -Wall conftest.c -lcrypto  -lcrypto  >&5
configure:5531: $? = 0
configure:5543: result: yes
configure:5560: checking for strchr
configure:5560: gcc -o conftest -O3 -Wall  -O3 -Wall conftest.c -lcrypto -lcrypto  >&5
conftest.c:45:6: warning: conflicting types for built-in function 'strchr'; expected 'char *(const char *, int)' [-Wbuiltin-declaration-mismatch]
   45 | char strchr (void);
      |      ^~~~~~
conftest.c:37:1: note: 'strchr' is declared in header '<string.h>'
   36 | #include <limits.h>
   37 | #undef strchr
configure:5560: $? = 0
configure:5560: result: yes
configure:5560: checking for strdup
configure:5560: gcc -o conftest -O3 -Wall  -O3 -Wall conftest.c -lcrypto -lcrypto  >&5
conftest.c:46:6: warning: conflicting types for built-in function 'strdup'; expected 'char *(const char *)' [-Wbuiltin-declaration-mismatch]
   46 | char strdup (void);
      |      ^~~~~~
configure:5560: $? = 0
configure:5560: result: yes
configure:5560: checking for memset
configure:5560: gcc -o conftest -O3 -Wall  -O3 -Wall conftest.c -lcrypto -lcrypto  >&5
conftest.c:47:6: warning: conflicting types for built-in function 'memset'; expected 'void *(void *, int,  long unsigned int)' [-Wbuiltin-declaration-mismatch]
   47 | char memset (void);
      |      ^~~~~~
conftest.c:39:1: note: 'memset' is declared in header '<string.h>'
   38 | #include <limits.h>
   39 | #undef memset
configure:5560: $? = 0
configure:5560: result: yes
configure:5670: checking for pkg-config
configure:5693: found /usr/bin/pkg-config
configure:5706: result: /usr/bin/pkg-config
configure:5731: checking pkg-config is at least version 0.16
configure:5734: result: yes
configure:5752: checking for glib-2.0 >= 2.0.0
configure:5759: $PKG_CONFIG --exists --print-errors "$pkg_config_args"
configure:5762: $? = 0
configure:5776: $PKG_CONFIG --exists --print-errors "$pkg_config_args"
configure:5779: $? = 0
configure:5817: result: yes
configure:5827: $PKG_CONFIG --exists --print-errors "glib-2.0"
configure:5830: $? = 0
configure:5851: $PKG_CONFIG --exists --print-errors "glib-2.0"
configure:5854: $? = 0
configure:5875: $PKG_CONFIG --exists --print-errors "glib-2.0"
configure:5878: $? = 0
configure:5899: $PKG_CONFIG --exists --print-errors "gio-2.0"
configure:5902: $? = 0
configure:5919: checking for GLIB - version >= 2.0.0
configure:6025: gcc -o conftest -O3 -Wall -I/usr/include/glib-2.0 -I/usr/lib/x86_64-linux-gnu/glib-2.0/include -I/usr/include/sysprof-6 -pthread   -O3 -Wall conftest.c -lglib-2.0  -lcrypto -lcrypto  >&5
configure:6025: $? = 0
configure:6025: ./conftest
configure:6025: $? = 0
configure:6042: result: yes (version 2.83.3)
configure:6108: checking for GMP version >= 4.0.0 or later
configure:6159: gcc -o conftest -O3 -Wall   -O3 -Wall conftest.c -lcrypto -lcrypto  -Wl,-rpath /usr/local/lib -lgmp >&5
configure:6159: $? = 0
configure:6176: gcc -o conftest -O3 -Wall   -O3 -Wall conftest.c -lcrypto -lcrypto  -Wl,-rpath /usr/local/lib -lgmp >&5
configure:6176: $? = 0
configure:6176: ./conftest
configure:6176: $? = 0
configure:6179: result: found
configure:6241: checking for libbswabe
configure:6248: $PKG_CONFIG --exists --print-errors "libbswabe"
configure:6251: $? = 0
configure:6265: $PKG_CONFIG --exists --print-errors "libbswabe"
configure:6268: $? = 0
configure:6326: result: yes
configure:6333: checking for the RELIC library
configure:6384: gcc -o conftest -O3 -Wall -I/usr/local/include/relic   -O3 -Wall conftest.c -lcrypto -lcrypto  -Wl,-rpath /usr/local/lib -lrelic -Wl,-rpath /usr/local/lib -lgmp >&5
configure:6384: $? = 0
configure:6387: result: found
configure:6561: checking that generated files are newer than configure
configure:6567: result: done
configure:6602: creating ./config.status

## ---------------------- ##
## Running config.status. ##
## ---------------------- ##

This file was extended by cpabe config.status 0.11, which was
generated by GNU Autoconf 2.72.  Invocation command line was

  CONFIG_FILES    = 
  CONFIG_HEADERS  = 
  CONFIG_LINKS    = 
  CONFIG_COMMANDS = 
  $ ./config.status 

on kali

config.status:804: creating Makefile
config.status:976: executing depfiles commands
config.status:1053: cd .       && sed -e '/# am--include-marker/d' Makefile         | make -f - am--depfiles
make: Nothing to be done for 'am--depfiles'.
config.status:1058: $? = 0

## ---------------- ##
## Cache variables. ##
## ---------------- ##

ac_cv_build=x86_64-pc-linux-gnu
ac_cv_c_compiler_gnu=yes
ac_cv_c_const=yes
ac_cv_c_uint32_t=yes
ac_cv_c_uint64_t=yes
ac_cv_env_BSWABE_CFLAGS_set=
ac_cv_env_BSWABE_CFLAGS_value=
ac_cv_env_BSWABE_LIBS_set=
ac_cv_env_BSWABE_LIBS_value=
ac_cv_env_CC_set=
ac_cv_env_CC_value=
ac_cv_env_CFLAGS_set=
ac_cv_env_CFLAGS_value=
ac_cv_env_CPPFLAGS_set=
ac_cv_env_CPPFLAGS_value=
ac_cv_env_GLIB_CFLAGS_set=
ac_cv_env_GLIB_CFLAGS_value=
ac_cv_env_GLIB_COMPILE_RESOURCES_set=
ac_cv_env_GLIB_COMPILE_RESOURCES_value=
ac_cv_env_GLIB_GENMARSHAL_set=
ac_cv_env_GLIB_GENMARSHAL_value=
ac_cv_env_GLIB_LIBS_set=
ac_cv_env_GLIB_LIBS_value=
ac_cv_env_GLIB_MKENUMS_set=
ac_cv_env_GLIB_MKENUMS_value=
ac_cv_env_GOBJECT_QUERY_set=
ac_cv_env_GOBJECT_QUERY_value=
ac_cv_env_LDFLAGS_set=
ac_cv_env_LDFLAGS_value=
ac_cv_env_LIBS_set=
ac_cv_env_LIBS_value=
ac_cv_env_PKG_CONFIG_LIBDIR_set=
ac_cv_env_PKG_CONFIG_LIBDIR_value=
ac_cv_env_PKG_CONFIG_PATH_set=
ac_cv_env_PKG_CONFIG_PATH_value=
ac_cv_env_PKG_CONFIG_set=
ac_cv_env_PKG_CONFIG_value=
ac_cv_env_YACC_set=
ac_cv_env_YACC_value=
ac_cv_env_YFLAGS_set=
ac_cv_env_YFLAGS_value=
ac_cv_env_build_alias_set=
ac_cv_env_build_alias_value=
ac_cv_env_host_alias_set=
ac_cv_env_host_alias_value=
ac_cv_env_target_alias_set=
ac_cv_env_target_alias_value=
ac_cv_func_lstat_dereferences_slashed_symlink=yes
ac_cv_func_malloc_0_nonnull=yes
ac_cv_func_memset=yes
ac_cv_func_stat_empty_string_bug=no
ac_cv_func_strchr=yes
ac_cv_func_strdup=yes
ac_cv_func_vprintf=yes
ac_cv_header_fcntl_h=yes
ac_cv_header_inttypes_h=yes
ac_cv_header_stddef_h=yes
ac_cv_header_stdint_h=yes
ac_cv_header_stdio_h=yes
ac_cv_header_stdlib_h=yes
ac_cv_header_string_h=yes
ac_cv_header_strings_h=yes
ac_cv_header_sys_stat_h=yes
ac_cv_header_sys_types_h=yes
ac_cv_header_unistd_h=yes
ac_cv_host=x86_64-pc-linux-gnu
ac_cv_lib_crypto_EVP_aes_128_cbc=yes
ac_cv_lib_crypto_SHA1=yes
ac_cv_objext=o
ac_cv_path_EGREP='/usr/bin/grep -E'
ac_cv_path_EGREP_TRADITIONAL='/usr/bin/grep -E'
ac_cv_path_GREP=/usr/bin/grep
ac_cv_path_ac_pt_PKG_CONFIG=/usr/bin/pkg-config
ac_cv_path_install='/usr/bin/install -c'
ac_cv_path_mkdir=/usr/bin/mkdir
ac_cv_prog_AWK=gawk
ac_cv_prog_YACC='bison -y'
ac_cv_prog_ac_ct_CC=gcc
ac_cv_prog_cc_c11=
ac_cv_prog_cc_g=yes
ac_cv_prog_cc_stdc=
ac_cv_prog_make_make_set=yes
ac_cv_type_size_t=yes
am_cv_CC_dependencies_compiler_type=gcc3
am_cv_filesystem_timestamp_resolution=0.01
am_cv_make_support_nested_variables=yes
am_cv_prog_cc_c_o=yes
am_cv_sleep_fractional_seconds=yes
am_cv_xargs_n_works=yes
pkg_cv_BSWABE_CFLAGS='-I/usr/local/include -I/usr/include/glib-2.0 -I/usr/lib/x86_64-linux-gnu/glib-2.0/include -I/usr/include/sysprof-6 -pthread '
pkg_cv_BSWABE_LIBS='-L/usr/local/lib -lbswabe -lglib-2.0 -lgmp -lrelic '
pkg_cv_GLIB_CFLAGS='-I/usr/include/glib-2.0 -I/usr/lib/x86_64-linux-gnu/glib-2.0/include -I/usr/include/sysprof-6 -pthread '
pkg_cv_GLIB_COMPILE_RESOURCES=/usr/bin/glib-compile-resources
pkg_cv_GLIB_GENMARSHAL=/usr/bin/glib-genmarshal
pkg_cv_GLIB_LIBS='-lglib-2.0 '
pkg_cv_GLIB_MKENUMS=/usr/bin/glib-mkenums
pkg_cv_GOBJECT_QUERY=/usr/bin/gobject-query

## ----------------- ##
## Output variables. ##
## ----------------- ##

ACLOCAL='${SHELL} '\''/home/thanh/Documents/cp-abe_demo/cpabe-0.11/missing'\'' aclocal-1.17'
AMDEPBACKSLASH='\'
AMDEP_FALSE='#'
AMDEP_TRUE=''
AMTAR='$${TAR-tar}'
AM_BACKSLASH='\'
AM_DEFAULT_V='$(AM_DEFAULT_VERBOSITY)'
AM_DEFAULT_VERBOSITY='1'
AM_V='$(V)'
AUTOCONF='${SHELL} '\''/home/thanh/Documents/cp-abe_demo/cpabe-0.11/missing'\'' autoconf'
AUTOHEADER='${SHELL} '\''/home/thanh/Documents/cp-abe_demo/cpabe-0.11/missing'\'' autoheader'
AUTOMAKE='${SHELL} '\''/home/thanh/Documents/cp-abe_demo/cpabe-0.11/missing'\'' automake-1.17'
AWK='gawk'
BSWABE_CFLAGS='-I/usr/local/include -I/usr/include/glib-2.0 -I/usr/lib/x86_64-linux-gnu/glib-2.0/include -I/usr/include/sysprof-6 -pthread '
BSWABE_LIBS='-L/usr/local/lib -lbswabe -lglib-2.0 -lgmp -lrelic '
CC='gcc'
CCDEPMODE='depmode=gcc3'
CFLAGS='-O3 -Wall'
CPPFLAGS=''
CSCOPE='cscope'
CTAGS='ctags'
CYGPATH_W='echo'
DEFS='-DPACKAGE_NAME=\"cpabe\" -DPACKAGE_TARNAME=\"cpabe\" -DPACKAGE_VERSION=\"0.11\" -DPACKAGE_STRING=\"cpabe\ 0.11\" -DPACKAGE_BUGREPORT=\"bethenco@cs.berkeley.edu\" -DPACKAGE_URL=\"\" -DPACKAGE=\"cpabe\" -DVERSION=\"0.11\" -DHAVE_STDIO_H=1 -DHAVE_STDLIB_H=1 -DHAVE_STRING_H=1 -DHAVE_INTTYPES_H=1 -DHAVE_STDINT_H=1 -DHAVE_STRINGS_H=1 -DHAVE_SYS_STAT_H=1 -DHAVE_SYS_TYPES_H=1 -DHAVE_UNISTD_H=1 -DSTDC_HEADERS=1 -DHAVE_FCNTL_H=1 -DHAVE_STDDEF_H=1 -DHAVE_STRING_H=1 -DHAVE_MALLOC=1 -DLSTAT_FOLLOWS_SLASHED_SYMLINK=1 -DHAVE_VPRINTF=1 -DHAVE_LIBCRYPTO=1 -DHAVE_LIBCRYPTO=1 -DHAVE_STRCHR=1 -DHAVE_STRDUP=1 -DHAVE_MEMSET=1 -DHAVE_GMP=1 -DHAVE_RELIC=1'
DEPDIR='.deps'
ECHO_C=''
ECHO_N='-n'
ECHO_T=''
EGREP='/usr/bin/grep -E'
ETAGS='etags'
EXEEXT=''
GLIB_CFLAGS='-I/usr/include/glib-2.0 -I/usr/lib/x86_64-linux-gnu/glib-2.0/include -I/usr/include/sysprof-6 -pthread '
GLIB_COMPILE_RESOURCES='/usr/bin/glib-compile-resources'
GLIB_GENMARSHAL='/usr/bin/glib-genmarshal'
GLIB_LIBS='-lglib-2.0 '
GLIB_MKENUMS='/usr/bin/glib-mkenums'
GMP_CFLAGS=''
GMP_LIBS='-Wl,-rpath /usr/local/lib -lgmp'
GOBJECT_QUERY='/usr/bin/gobject-query'
GREP='/usr/bin/grep'
INSTALL_DATA='${INSTALL} -m 644'
INSTALL_PROGRAM='${INSTALL}'
INSTALL_SCRIPT='${INSTALL}'
INSTALL_STRIP_PROGRAM='$(install_sh) -c -s'
LDFLAGS='-O3 -Wall'
LIBOBJS=''
LIBS='-lcrypto -lcrypto '
LTLIBOBJS=''
MAKEINFO='${SHELL} '\''/home/thanh/Documents/cp-abe_demo/cpabe-0.11/missing'\'' makeinfo'
MKDIR_P='/usr/bin/mkdir -p'
OBJEXT='o'
PACKAGE='cpabe'
PACKAGE_BUGREPORT='bethenco@cs.berkeley.edu'
PACKAGE_NAME='cpabe'
PACKAGE_STRING='cpabe 0.11'
PACKAGE_TARNAME='cpabe'
PACKAGE_URL=''
PACKAGE_VERSION='0.11'
PATH_SEPARATOR=':'
PKG_CONFIG='/usr/bin/pkg-config'
PKG_CONFIG_LIBDIR=''
PKG_CONFIG_PATH=''
RELIC_CFLAGS='-I/usr/local/include/relic'
RELIC_LIBS='-Wl,-rpath /usr/local/lib -lrelic'
SET_MAKE=''
SHELL='/bin/bash'
STRIP=''
VERSION='0.11'
YACC='bison -y'
YFLAGS=''
ac_ct_CC='gcc'
am__EXEEXT_FALSE=''
am__EXEEXT_TRUE='#'
am__fastdepCC_FALSE='#'
am__fastdepCC_TRUE=''
am__include='include'
am__isrc=''
am__leading_dot='.'
am__nodep='_no'
am__quote=''
am__rm_f_notfound=''
am__tar='$${TAR-tar} chof - "$$tardir"'
am__untar='$${TAR-tar} xf -'
am__xargs_n='xargs -n'
bindir='${exec_prefix}/bin'
build='x86_64-pc-linux-gnu'
build_alias=''
build_cpu='x86_64'
build_os='linux-gnu'
build_vendor='pc'
datadir='${datarootdir}'
datarootdir='${prefix}/share'
docdir='${datarootdir}/doc/${PACKAGE_TARNAME}'
dvidir='${docdir}'
exec_prefix='${prefix}'
host='x86_64-pc-linux-gnu'
host_alias=''
host_cpu='x86_64'
host_os='linux-gnu'
host_vendor='pc'
htmldir='${docdir}'
includedir='${prefix}/include'
infodir='${datarootdir}/info'
install_sh='${SHELL} /home/thanh/Documents/cp-abe_demo/cpabe-0.11/install-sh'
libdir='${exec_prefix}/lib'
libexecdir='${exec_prefix}/libexec'
localedir='${datarootdir}/locale'
localstatedir='${prefix}/var'
mandir='${datarootdir}/man'
mkdir_p='$(MKDIR_P)'
oldincludedir='/usr/include'
pdfdir='${docdir}'
prefix='/usr/local'
program_transform_name='s,x,x,'
psdir='${docdir}'
runstatedir='${localstatedir}/run'
sbindir='${exec_prefix}/sbin'
sharedstatedir='${prefix}/com'
sysconfdir='${prefix}/etc'
target_alias=''

## ----------- ##
## confdefs.h. ##
## ----------- ##

/* confdefs.h */
#define PACKAGE_NAME "cpabe"
#define PACKAGE_TARNAME "cpabe"
#define PACKAGE_VERSION "0.11"
#define PACKAGE_STRING "cpabe 0.11"
#define PACKAGE_BUGREPORT "bethenco@cs.berkeley.edu"
#define PACKAGE_URL ""
#define PACKAGE "cpabe"
#define VERSION "0.11"
#define HAVE_STDIO_H 1
#define HAVE_STDLIB_H 1
#define HAVE_STRING_H 1
#define HAVE_INTTYPES_H 1
#define HAVE_STDINT_H 1
#define HAVE_STRINGS_H 1
#define HAVE_SYS_STAT_H 1
#define HAVE_SYS_TYPES_H 1
#define HAVE_UNISTD_H 1
#define STDC_HEADERS 1
#define HAVE_FCNTL_H 1
#define HAVE_STDDEF_H 1
#define HAVE_STRING_H 1
#define HAVE_MALLOC 1
#define LSTAT_FOLLOWS_SLASHED_SYMLINK 1
#define HAVE_VPRINTF 1
#define HAVE_LIBCRYPTO 1
#define HAVE_LIBCRYPTO 1
#define HAVE_STRCHR 1
#define HAVE_STRDUP 1
#define HAVE_MEMSET 1
#define HAVE_GMP 1
#define HAVE_RELIC 1

configure: exit 0
